{"level":"info","message":"patient data fetched successfully","timestamp":"2024-08-07 13:48:08.431 GMT+5:30"}
{"level":"info","message":"patient data fetched successfully","timestamp":"2024-08-07 13:48:08.639 GMT+5:30"}
{"level":"info","message":"patient data fetched successfully","timestamp":"2024-08-07 13:51:27.332 GMT+5:30"}
{"level":"info","message":"patient data fetched successfully","timestamp":"2024-08-07 13:51:27.563 GMT+5:30"}
{"level":"info","message":"patient data fetched successfully","timestamp":"2024-08-07 13:58:08.347 GMT+5:30"}
{"level":"info","message":"patient data fetched successfully","timestamp":"2024-08-07 13:58:08.526 GMT+5:30"}
{"level":"info","message":"patient data fetched successfully","timestamp":"2024-08-07 13:59:29.241 GMT+5:30"}
{"level":"info","message":"patient data fetched successfully","timestamp":"2024-08-07 13:59:29.368 GMT+5:30"}
{"level":"info","message":"patient data fetched successfully","timestamp":"2024-08-07 14:02:00.529 GMT+5:30"}
{"level":"info","message":"patient data fetched successfully","timestamp":"2024-08-07 14:02:00.604 GMT+5:30"}
{"level":"info","message":"employee data fetched successfully","timestamp":"2024-08-07 14:14:02.382 GMT+5:30"}
{"level":"info","message":"patient data fetched successfully","timestamp":"2024-08-07 14:14:02.516 GMT+5:30"}
{"level":"info","message":"employee data fetched successfully","timestamp":"2024-08-07 14:14:02.575 GMT+5:30"}
{"level":"info","message":"patient data fetched successfully","timestamp":"2024-08-07 14:14:02.582 GMT+5:30"}
{"level":"info","message":"employee data fetched successfully","timestamp":"2024-08-07 14:14:02.623 GMT+5:30"}
{"level":"info","message":"employee data fetched successfully","timestamp":"2024-08-07 14:14:02.628 GMT+5:30"}
{"level":"info","message":"patient data fetched successfully","timestamp":"2024-08-07 14:15:38.211 GMT+5:30"}
{"level":"info","message":"employee data fetched successfully","timestamp":"2024-08-07 14:15:38.486 GMT+5:30"}
{"level":"info","message":"patient data fetched successfully","timestamp":"2024-08-07 14:15:38.494 GMT+5:30"}
{"level":"info","message":"employee data fetched successfully","timestamp":"2024-08-07 14:15:38.563 GMT+5:30"}
{"level":"info","message":"employee data fetched successfully","timestamp":"2024-08-07 14:15:38.582 GMT+5:30"}
{"level":"info","message":"employee data fetched successfully","timestamp":"2024-08-07 14:15:38.613 GMT+5:30"}
{"level":"info","message":"patient data fetched successfully","timestamp":"2024-08-07 14:58:00.615 GMT+5:30"}
{"level":"info","message":"employee data fetched successfully","timestamp":"2024-08-07 14:58:00.785 GMT+5:30"}
{"level":"info","message":"patient data fetched successfully","timestamp":"2024-08-07 14:58:00.799 GMT+5:30"}
{"level":"info","message":"employee data fetched successfully","timestamp":"2024-08-07 14:58:00.854 GMT+5:30"}
{"level":"info","message":"employee data fetched successfully","timestamp":"2024-08-07 14:58:00.866 GMT+5:30"}
{"level":"info","message":"employee data fetched successfully","timestamp":"2024-08-07 14:58:00.870 GMT+5:30"}
{"level":"info","message":"patient data fetched successfully","timestamp":"2024-08-07 14:58:23.208 GMT+5:30"}
{"level":"info","message":"employee data fetched successfully","timestamp":"2024-08-07 14:58:23.326 GMT+5:30"}
{"level":"info","message":"patient data fetched successfully","timestamp":"2024-08-07 14:58:23.386 GMT+5:30"}
{"level":"info","message":"employee data fetched successfully","timestamp":"2024-08-07 14:58:23.462 GMT+5:30"}
{"level":"info","message":"employee data fetched successfully","timestamp":"2024-08-07 14:58:23.471 GMT+5:30"}
{"level":"info","message":"employee data fetched successfully","timestamp":"2024-08-07 14:58:23.498 GMT+5:30"}
{"level":"info","message":"patient data fetched successfully","timestamp":"2024-08-07 14:58:50.074 GMT+5:30"}
{"level":"info","message":"employee data fetched successfully","timestamp":"2024-08-07 14:58:50.312 GMT+5:30"}
{"level":"info","message":"patient data fetched successfully","timestamp":"2024-08-07 14:58:50.352 GMT+5:30"}
{"level":"info","message":"employee data fetched successfully","timestamp":"2024-08-07 14:58:50.519 GMT+5:30"}
{"level":"info","message":"employee data fetched successfully","timestamp":"2024-08-07 14:58:50.552 GMT+5:30"}
{"level":"info","message":"employee data fetched successfully","timestamp":"2024-08-07 14:58:50.568 GMT+5:30"}
{"level":"info","message":"patient data fetched successfully","timestamp":"2024-08-07 14:59:18.510 GMT+5:30"}
{"level":"info","message":"employee data fetched successfully","timestamp":"2024-08-07 14:59:18.755 GMT+5:30"}
{"level":"info","message":"patient data fetched successfully","timestamp":"2024-08-07 14:59:18.815 GMT+5:30"}
{"level":"info","message":"employee data fetched successfully","timestamp":"2024-08-07 14:59:18.986 GMT+5:30"}
{"level":"info","message":"employee data fetched successfully","timestamp":"2024-08-07 14:59:19.009 GMT+5:30"}
{"level":"info","message":"employee data fetched successfully","timestamp":"2024-08-07 14:59:19.067 GMT+5:30"}
{"level":"info","message":"patient data fetched successfully","timestamp":"2024-08-07 15:01:07.405 GMT+5:30"}
{"level":"info","message":"employee data fetched successfully","timestamp":"2024-08-07 15:01:07.571 GMT+5:30"}
{"level":"info","message":"patient data fetched successfully","timestamp":"2024-08-07 15:01:07.623 GMT+5:30"}
{"level":"info","message":"employee data fetched successfully","timestamp":"2024-08-07 15:01:07.710 GMT+5:30"}
{"level":"info","message":"employee data fetched successfully","timestamp":"2024-08-07 15:01:07.731 GMT+5:30"}
{"level":"info","message":"employee data fetched successfully","timestamp":"2024-08-07 15:01:07.854 GMT+5:30"}
{"level":"info","message":"patient data fetched successfully","timestamp":"2024-08-07 15:02:18.878 GMT+5:30"}
{"level":"info","message":"employee data fetched successfully","timestamp":"2024-08-07 15:02:19.145 GMT+5:30"}
{"level":"info","message":"patient data fetched successfully","timestamp":"2024-08-07 15:02:19.209 GMT+5:30"}
{"level":"info","message":"employee data fetched successfully","timestamp":"2024-08-07 15:02:19.425 GMT+5:30"}
{"level":"info","message":"employee data fetched successfully","timestamp":"2024-08-07 15:02:19.450 GMT+5:30"}
{"level":"info","message":"employee data fetched successfully","timestamp":"2024-08-07 15:02:19.470 GMT+5:30"}
{"level":"info","message":"branch details fetched successfully","timestamp":"2024-08-07 15:03:05.659 GMT+5:30"}
{"level":"info","message":"patient data fetched successfully","timestamp":"2024-08-07 15:03:05.873 GMT+5:30"}
{"level":"info","message":"employee data fetched successfully","timestamp":"2024-08-07 15:03:06.012 GMT+5:30"}
{"level":"info","message":"branch details fetched successfully","timestamp":"2024-08-07 15:03:06.080 GMT+5:30"}
{"level":"info","message":"patient data fetched successfully","timestamp":"2024-08-07 15:03:06.093 GMT+5:30"}
{"level":"info","message":"employee data fetched successfully","timestamp":"2024-08-07 15:03:06.186 GMT+5:30"}
{"level":"info","message":"employee data fetched successfully","timestamp":"2024-08-07 15:03:06.284 GMT+5:30"}
{"level":"info","message":"employee data fetched successfully","timestamp":"2024-08-07 15:03:06.309 GMT+5:30"}
{"level":"info","message":"patient data fetched successfully","timestamp":"2024-08-07 15:12:31.295 GMT+5:30"}
{"level":"info","message":"branch details fetched successfully","timestamp":"2024-08-07 15:12:31.503 GMT+5:30"}
{"level":"info","message":"employee data fetched successfully","timestamp":"2024-08-07 15:12:31.529 GMT+5:30"}
{"level":"info","message":"patient data fetched successfully","timestamp":"2024-08-07 15:12:31.549 GMT+5:30"}
{"level":"info","message":"branch details fetched successfully","timestamp":"2024-08-07 15:12:31.557 GMT+5:30"}
{"level":"info","message":"employee data fetched successfully","timestamp":"2024-08-07 15:12:31.676 GMT+5:30"}
{"level":"info","message":"employee data fetched successfully","timestamp":"2024-08-07 15:12:31.752 GMT+5:30"}
{"level":"info","message":"employee data fetched successfully","timestamp":"2024-08-07 15:12:31.761 GMT+5:30"}
{"level":"info","message":"patient data fetched successfully","timestamp":"2024-08-07 15:50:49.901 GMT+5:30"}
{"level":"info","message":"branch details fetched successfully","timestamp":"2024-08-07 15:50:50.159 GMT+5:30"}
{"level":"info","message":"employee data fetched successfully","timestamp":"2024-08-07 15:50:50.167 GMT+5:30"}
{"level":"info","message":"patient data fetched successfully","timestamp":"2024-08-07 15:50:50.182 GMT+5:30"}
{"level":"info","message":"branch details fetched successfully","timestamp":"2024-08-07 15:50:50.199 GMT+5:30"}
{"level":"info","message":"employee data fetched successfully","timestamp":"2024-08-07 15:50:50.212 GMT+5:30"}
{"level":"info","message":"employee data fetched successfully","timestamp":"2024-08-07 15:50:50.216 GMT+5:30"}
{"level":"info","message":"employee data fetched successfully","timestamp":"2024-08-07 15:50:50.223 GMT+5:30"}
{"level":"info","message":"branch data fetched successfully","timestamp":"2024-08-07 16:07:10.523 GMT+5:30"}
{"level":"info","message":"branch data fetched successfully","timestamp":"2024-08-07 16:07:10.538 GMT+5:30"}
{"level":"error","message":"invalid password","timestamp":"2024-08-07 16:07:21.889 GMT+5:30"}
{"level":"error","message":"invalid password","timestamp":"2024-08-07 16:07:27.963 GMT+5:30"}
{"level":"info","message":"OTP sent successfully","timestamp":"2024-08-07 16:12:20.813 GMT+5:30"}
{"level":"info","message":"OTP verification successful","timestamp":"2024-08-07 16:12:49.439 GMT+5:30"}
{"level":"info","message":"Details updated successfully","timestamp":"2024-08-07 16:13:14.848 GMT+5:30"}
{"level":"info","message":"branch data fetched successfully","timestamp":"2024-08-07 16:13:14.927 GMT+5:30"}
{"level":"info","message":"branch data fetched successfully","timestamp":"2024-08-07 16:13:14.952 GMT+5:30"}
{"level":"error","message":"Please select branch","timestamp":"2024-08-07 16:13:26.732 GMT+5:30"}
{"level":"info","message":"Login successful","timestamp":"2024-08-07 16:13:33.094 GMT+5:30"}
{"level":"info","message":"available employee's data fetched successfully","timestamp":"2024-08-07 16:13:33.375 GMT+5:30"}
{"level":"info","message":"treatment suggestions fetched successfully","timestamp":"2024-08-07 16:13:33.449 GMT+5:30"}
{"level":"info","message":"bill data fetched successfully","timestamp":"2024-08-07 16:13:33.514 GMT+5:30"}
{"level":"info","message":"available employee's data fetched successfully","timestamp":"2024-08-07 16:13:33.611 GMT+5:30"}
{"level":"info","message":"treatment suggestions fetched successfully","timestamp":"2024-08-07 16:13:33.640 GMT+5:30"}
{"level":"info","message":"bill data fetched successfully","timestamp":"2024-08-07 16:13:33.652 GMT+5:30"}
{"level":"info","message":"treatment suggestions fetched successfully","timestamp":"2024-08-07 16:13:33.798 GMT+5:30"}
{"level":"info","message":"treatment suggestions fetched successfully","timestamp":"2024-08-07 16:13:33.876 GMT+5:30"}
{"level":"info","message":"branch data fetched successfully","timestamp":"2024-08-07 16:15:11.671 GMT+5:30"}
{"level":"info","message":"branch data fetched successfully","timestamp":"2024-08-07 16:15:11.678 GMT+5:30"}
{"level":"info","message":"Login successful","timestamp":"2024-08-07 16:15:27.126 GMT+5:30"}
{"level":"info","message":"available employee's data fetched successfully","timestamp":"2024-08-07 16:15:27.389 GMT+5:30"}
{"level":"info","message":"treatment suggestions fetched successfully","timestamp":"2024-08-07 16:15:27.420 GMT+5:30"}
{"level":"info","message":"bill data fetched successfully","timestamp":"2024-08-07 16:15:27.431 GMT+5:30"}
{"level":"info","message":"available employee's data fetched successfully","timestamp":"2024-08-07 16:15:27.500 GMT+5:30"}
{"level":"info","message":"treatment suggestions fetched successfully","timestamp":"2024-08-07 16:15:27.524 GMT+5:30"}
{"level":"info","message":"bill data fetched successfully","timestamp":"2024-08-07 16:15:27.599 GMT+5:30"}
{"level":"info","message":"treatment suggestions fetched successfully","timestamp":"2024-08-07 16:15:27.636 GMT+5:30"}
{"level":"info","message":"treatment suggestions fetched successfully","timestamp":"2024-08-07 16:15:27.683 GMT+5:30"}
{"level":"info","message":"available employee's data fetched successfully","timestamp":"2024-08-07 16:16:06.631 GMT+5:30"}
{"level":"info","message":"treatment suggestions fetched successfully","timestamp":"2024-08-07 16:16:06.709 GMT+5:30"}
{"level":"info","message":"bill data fetched successfully","timestamp":"2024-08-07 16:16:06.788 GMT+5:30"}
{"level":"info","message":"available employee's data fetched successfully","timestamp":"2024-08-07 16:16:06.854 GMT+5:30"}
{"level":"info","message":"treatment suggestions fetched successfully","timestamp":"2024-08-07 16:16:06.937 GMT+5:30"}
{"level":"info","message":"bill data fetched successfully","timestamp":"2024-08-07 16:16:06.955 GMT+5:30"}
{"level":"info","message":"treatment suggestions fetched successfully","timestamp":"2024-08-07 16:16:07.109 GMT+5:30"}
{"level":"info","message":"treatment suggestions fetched successfully","timestamp":"2024-08-07 16:16:07.196 GMT+5:30"}
{"level":"info","message":"branch data fetched successfully","timestamp":"2024-08-07 16:17:40.885 GMT+5:30"}
{"level":"info","message":"branch data fetched successfully","timestamp":"2024-08-07 16:17:40.938 GMT+5:30"}
{"level":"info","message":"Login successful","timestamp":"2024-08-07 16:17:50.227 GMT+5:30"}
{"level":"info","message":"available employee's data fetched successfully","timestamp":"2024-08-07 16:17:50.647 GMT+5:30"}
{"level":"info","message":"treatment suggestions fetched successfully","timestamp":"2024-08-07 16:17:50.660 GMT+5:30"}
{"level":"info","message":"bill data fetched successfully","timestamp":"2024-08-07 16:17:50.672 GMT+5:30"}
{"level":"info","message":"available employee's data fetched successfully","timestamp":"2024-08-07 16:17:50.755 GMT+5:30"}
{"level":"info","message":"treatment suggestions fetched successfully","timestamp":"2024-08-07 16:17:50.793 GMT+5:30"}
{"level":"info","message":"bill data fetched successfully","timestamp":"2024-08-07 16:17:50.804 GMT+5:30"}
{"level":"info","message":"treatment suggestions fetched successfully","timestamp":"2024-08-07 16:17:50.855 GMT+5:30"}
{"level":"info","message":"treatment suggestions fetched successfully","timestamp":"2024-08-07 16:17:50.911 GMT+5:30"}
{"level":"info","message":"available employee's data fetched successfully","timestamp":"2024-08-07 16:19:28.999 GMT+5:30"}
{"level":"info","message":"treatment suggestions fetched successfully","timestamp":"2024-08-07 16:19:29.085 GMT+5:30"}
{"level":"info","message":"bill data fetched successfully","timestamp":"2024-08-07 16:19:29.117 GMT+5:30"}
{"level":"info","message":"available employee's data fetched successfully","timestamp":"2024-08-07 16:19:29.238 GMT+5:30"}
{"level":"info","message":"treatment suggestions fetched successfully","timestamp":"2024-08-07 16:19:29.258 GMT+5:30"}
{"level":"info","message":"bill data fetched successfully","timestamp":"2024-08-07 16:19:29.296 GMT+5:30"}
{"level":"info","message":"treatment suggestions fetched successfully","timestamp":"2024-08-07 16:19:29.405 GMT+5:30"}
{"level":"info","message":"treatment suggestions fetched successfully","timestamp":"2024-08-07 16:19:29.560 GMT+5:30"}
{"level":"info","message":"treatment suggestions fetched successfully","timestamp":"2024-08-07 16:20:48.422 GMT+5:30"}
{"level":"info","message":"available employee's data fetched successfully","timestamp":"2024-08-07 16:20:48.459 GMT+5:30"}
{"level":"info","message":"bill data fetched successfully","timestamp":"2024-08-07 16:20:48.495 GMT+5:30"}
{"level":"info","message":"treatment suggestions fetched successfully","timestamp":"2024-08-07 16:20:48.576 GMT+5:30"}
{"level":"info","message":"available employee's data fetched successfully","timestamp":"2024-08-07 16:20:48.579 GMT+5:30"}
{"level":"info","message":"bill data fetched successfully","timestamp":"2024-08-07 16:20:48.624 GMT+5:30"}
{"level":"info","message":"treatment suggestions fetched successfully","timestamp":"2024-08-07 16:20:48.694 GMT+5:30"}
{"level":"info","message":"treatment suggestions fetched successfully","timestamp":"2024-08-07 16:20:48.802 GMT+5:30"}
{"level":"info","message":"available employee's data fetched successfully","timestamp":"2024-08-07 16:20:54.163 GMT+5:30"}
{"level":"info","message":"treatment suggestions fetched successfully","timestamp":"2024-08-07 16:20:54.180 GMT+5:30"}
{"level":"info","message":"bill data fetched successfully","timestamp":"2024-08-07 16:20:54.250 GMT+5:30"}
{"level":"info","message":"available employee's data fetched successfully","timestamp":"2024-08-07 16:20:54.319 GMT+5:30"}
{"level":"info","message":"treatment suggestions fetched successfully","timestamp":"2024-08-07 16:20:54.350 GMT+5:30"}
{"level":"info","message":"bill data fetched successfully","timestamp":"2024-08-07 16:20:54.403 GMT+5:30"}
{"level":"info","message":"treatment suggestions fetched successfully","timestamp":"2024-08-07 16:20:54.465 GMT+5:30"}
{"level":"info","message":"treatment suggestions fetched successfully","timestamp":"2024-08-07 16:20:54.550 GMT+5:30"}
{"level":"info","message":"available employee's data fetched successfully","timestamp":"2024-08-07 16:21:38.054 GMT+5:30"}
{"level":"info","message":"treatment suggestions fetched successfully","timestamp":"2024-08-07 16:21:38.065 GMT+5:30"}
{"level":"info","message":"bill data fetched successfully","timestamp":"2024-08-07 16:21:38.088 GMT+5:30"}
{"level":"info","message":"available employee's data fetched successfully","timestamp":"2024-08-07 16:21:38.251 GMT+5:30"}
{"level":"info","message":"treatment suggestions fetched successfully","timestamp":"2024-08-07 16:21:38.261 GMT+5:30"}
{"level":"info","message":"bill data fetched successfully","timestamp":"2024-08-07 16:21:38.372 GMT+5:30"}
{"level":"info","message":"treatment suggestions fetched successfully","timestamp":"2024-08-07 16:21:38.457 GMT+5:30"}
{"level":"info","message":"treatment suggestions fetched successfully","timestamp":"2024-08-07 16:21:38.679 GMT+5:30"}
{"level":"info","message":"available employee's data fetched successfully","timestamp":"2024-08-07 16:22:19.004 GMT+5:30"}
{"level":"info","message":"treatment suggestions fetched successfully","timestamp":"2024-08-07 16:22:19.036 GMT+5:30"}
{"level":"info","message":"bill data fetched successfully","timestamp":"2024-08-07 16:22:19.184 GMT+5:30"}
{"level":"info","message":"treatment suggestions fetched successfully","timestamp":"2024-08-07 16:22:19.272 GMT+5:30"}
{"level":"info","message":"available employee's data fetched successfully","timestamp":"2024-08-07 16:22:19.368 GMT+5:30"}
{"level":"info","message":"treatment suggestions fetched successfully","timestamp":"2024-08-07 16:22:19.382 GMT+5:30"}
{"level":"info","message":"bill data fetched successfully","timestamp":"2024-08-07 16:22:19.552 GMT+5:30"}
{"level":"info","message":"treatment suggestions fetched successfully","timestamp":"2024-08-07 16:22:19.618 GMT+5:30"}
{"level":"info","message":"available employee's data fetched successfully","timestamp":"2024-08-07 16:22:32.507 GMT+5:30"}
{"level":"info","message":"treatment suggestions fetched successfully","timestamp":"2024-08-07 16:22:32.530 GMT+5:30"}
{"level":"info","message":"bill data fetched successfully","timestamp":"2024-08-07 16:22:32.573 GMT+5:30"}
{"level":"info","message":"available employee's data fetched successfully","timestamp":"2024-08-07 16:22:32.686 GMT+5:30"}
{"level":"info","message":"treatment suggestions fetched successfully","timestamp":"2024-08-07 16:22:32.697 GMT+5:30"}
{"level":"info","message":"bill data fetched successfully","timestamp":"2024-08-07 16:22:32.724 GMT+5:30"}
{"level":"info","message":"treatment suggestions fetched successfully","timestamp":"2024-08-07 16:22:32.773 GMT+5:30"}
{"level":"info","message":"treatment suggestions fetched successfully","timestamp":"2024-08-07 16:22:32.820 GMT+5:30"}
{"level":"info","message":"available employee's data fetched successfully","timestamp":"2024-08-07 16:23:01.732 GMT+5:30"}
{"level":"info","message":"treatment suggestions fetched successfully","timestamp":"2024-08-07 16:23:01.756 GMT+5:30"}
{"level":"info","message":"bill data fetched successfully","timestamp":"2024-08-07 16:23:01.860 GMT+5:30"}
{"level":"info","message":"available employee's data fetched successfully","timestamp":"2024-08-07 16:23:02.448 GMT+5:30"}
{"level":"info","message":"treatment suggestions fetched successfully","timestamp":"2024-08-07 16:23:02.456 GMT+5:30"}
{"level":"info","message":"bill data fetched successfully","timestamp":"2024-08-07 16:23:02.575 GMT+5:30"}
{"level":"info","message":"treatment suggestions fetched successfully","timestamp":"2024-08-07 16:23:02.651 GMT+5:30"}
{"level":"info","message":"treatment suggestions fetched successfully","timestamp":"2024-08-07 16:23:02.732 GMT+5:30"}
{"level":"info","message":"available employee's data fetched successfully","timestamp":"2024-08-07 16:23:15.021 GMT+5:30"}
{"level":"info","message":"treatment suggestions fetched successfully","timestamp":"2024-08-07 16:23:15.034 GMT+5:30"}
{"level":"info","message":"bill data fetched successfully","timestamp":"2024-08-07 16:23:15.072 GMT+5:30"}
{"level":"info","message":"available employee's data fetched successfully","timestamp":"2024-08-07 16:23:15.248 GMT+5:30"}
{"level":"info","message":"treatment suggestions fetched successfully","timestamp":"2024-08-07 16:23:15.254 GMT+5:30"}
{"level":"info","message":"bill data fetched successfully","timestamp":"2024-08-07 16:23:15.316 GMT+5:30"}
{"level":"info","message":"treatment suggestions fetched successfully","timestamp":"2024-08-07 16:23:15.355 GMT+5:30"}
{"level":"info","message":"treatment suggestions fetched successfully","timestamp":"2024-08-07 16:23:15.534 GMT+5:30"}
{"level":"info","message":"available employee's data fetched successfully","timestamp":"2024-08-07 16:23:33.296 GMT+5:30"}
{"level":"info","message":"bill data fetched successfully","timestamp":"2024-08-07 16:23:33.309 GMT+5:30"}
{"level":"info","message":"treatment suggestions fetched successfully","timestamp":"2024-08-07 16:23:33.313 GMT+5:30"}
{"level":"info","message":"available employee's data fetched successfully","timestamp":"2024-08-07 16:23:33.412 GMT+5:30"}
{"level":"info","message":"bill data fetched successfully","timestamp":"2024-08-07 16:23:33.575 GMT+5:30"}
{"level":"info","message":"treatment suggestions fetched successfully","timestamp":"2024-08-07 16:23:33.672 GMT+5:30"}
{"level":"info","message":"treatment suggestions fetched successfully","timestamp":"2024-08-07 16:23:33.888 GMT+5:30"}
{"level":"info","message":"treatment suggestions fetched successfully","timestamp":"2024-08-07 16:23:34.038 GMT+5:30"}
{"level":"info","message":"available employee's data fetched successfully","timestamp":"2024-08-07 16:25:05.016 GMT+5:30"}
{"level":"info","message":"treatment suggestions fetched successfully","timestamp":"2024-08-07 16:25:05.022 GMT+5:30"}
{"level":"info","message":"bill data fetched successfully","timestamp":"2024-08-07 16:25:05.057 GMT+5:30"}
{"level":"info","message":"available employee's data fetched successfully","timestamp":"2024-08-07 16:25:05.118 GMT+5:30"}
{"level":"info","message":"treatment suggestions fetched successfully","timestamp":"2024-08-07 16:25:05.120 GMT+5:30"}
{"level":"info","message":"bill data fetched successfully","timestamp":"2024-08-07 16:25:05.165 GMT+5:30"}
{"level":"info","message":"treatment suggestions fetched successfully","timestamp":"2024-08-07 16:25:05.221 GMT+5:30"}
{"level":"info","message":"treatment suggestions fetched successfully","timestamp":"2024-08-07 16:25:05.269 GMT+5:30"}
{"level":"info","message":"available employee's data fetched successfully","timestamp":"2024-08-07 16:25:09.946 GMT+5:30"}
{"level":"info","message":"treatment suggestions fetched successfully","timestamp":"2024-08-07 16:25:09.948 GMT+5:30"}
{"level":"info","message":"available employee's data fetched successfully","timestamp":"2024-08-07 16:25:15.121 GMT+5:30"}
{"level":"info","message":"treatment suggestions fetched successfully","timestamp":"2024-08-07 16:25:15.123 GMT+5:30"}
{"level":"info","message":"available employee's data fetched successfully","timestamp":"2024-08-07 16:25:20.639 GMT+5:30"}
{"level":"info","message":"treatment suggestions fetched successfully","timestamp":"2024-08-07 16:25:20.642 GMT+5:30"}
{"level":"info","message":"available employee's data fetched successfully","timestamp":"2024-08-07 16:25:25.620 GMT+5:30"}
{"level":"info","message":"treatment suggestions fetched successfully","timestamp":"2024-08-07 16:25:25.625 GMT+5:30"}
{"level":"info","message":"available employee's data fetched successfully","timestamp":"2024-08-07 16:25:30.147 GMT+5:30"}
{"level":"info","message":"treatment suggestions fetched successfully","timestamp":"2024-08-07 16:25:30.154 GMT+5:30"}
{"level":"info","message":"available employee's data fetched successfully","timestamp":"2024-08-07 16:25:34.948 GMT+5:30"}
{"level":"info","message":"treatment suggestions fetched successfully","timestamp":"2024-08-07 16:25:34.961 GMT+5:30"}
{"level":"info","message":"available employee's data fetched successfully","timestamp":"2024-08-07 16:25:40.113 GMT+5:30"}
{"level":"info","message":"treatment suggestions fetched successfully","timestamp":"2024-08-07 16:25:40.116 GMT+5:30"}
{"level":"info","message":"available employee's data fetched successfully","timestamp":"2024-08-07 16:25:45.082 GMT+5:30"}
{"level":"info","message":"treatment suggestions fetched successfully","timestamp":"2024-08-07 16:25:45.085 GMT+5:30"}
{"level":"info","message":"available employee's data fetched successfully","timestamp":"2024-08-07 16:25:50.105 GMT+5:30"}
{"level":"info","message":"treatment suggestions fetched successfully","timestamp":"2024-08-07 16:25:50.109 GMT+5:30"}
{"level":"info","message":"available employee's data fetched successfully","timestamp":"2024-08-07 16:25:55.622 GMT+5:30"}
{"level":"info","message":"treatment suggestions fetched successfully","timestamp":"2024-08-07 16:25:55.634 GMT+5:30"}
{"level":"info","message":"available employee's data fetched successfully","timestamp":"2024-08-07 16:26:00.657 GMT+5:30"}
{"level":"info","message":"treatment suggestions fetched successfully","timestamp":"2024-08-07 16:26:00.660 GMT+5:30"}
{"level":"info","message":"available employee's data fetched successfully","timestamp":"2024-08-07 16:26:06.043 GMT+5:30"}
{"level":"info","message":"treatment suggestions fetched successfully","timestamp":"2024-08-07 16:26:06.046 GMT+5:30"}
{"level":"info","message":"available employee's data fetched successfully","timestamp":"2024-08-07 16:26:10.635 GMT+5:30"}
{"level":"info","message":"treatment suggestions fetched successfully","timestamp":"2024-08-07 16:26:10.637 GMT+5:30"}
{"level":"info","message":"available employee's data fetched successfully","timestamp":"2024-08-07 16:26:15.670 GMT+5:30"}
{"level":"info","message":"treatment suggestions fetched successfully","timestamp":"2024-08-07 16:26:15.674 GMT+5:30"}
{"level":"info","message":"available employee's data fetched successfully","timestamp":"2024-08-07 16:26:20.618 GMT+5:30"}
{"level":"info","message":"treatment suggestions fetched successfully","timestamp":"2024-08-07 16:26:20.632 GMT+5:30"}
{"level":"info","message":"available employee's data fetched successfully","timestamp":"2024-08-07 16:26:25.605 GMT+5:30"}
{"level":"info","message":"treatment suggestions fetched successfully","timestamp":"2024-08-07 16:26:25.619 GMT+5:30"}
{"level":"info","message":"available employee's data fetched successfully","timestamp":"2024-08-07 16:26:30.648 GMT+5:30"}
{"level":"info","message":"treatment suggestions fetched successfully","timestamp":"2024-08-07 16:26:30.659 GMT+5:30"}
{"level":"info","message":"available employee's data fetched successfully","timestamp":"2024-08-07 16:26:35.628 GMT+5:30"}
{"level":"info","message":"treatment suggestions fetched successfully","timestamp":"2024-08-07 16:26:35.631 GMT+5:30"}
{"level":"info","message":"available employee's data fetched successfully","timestamp":"2024-08-07 16:26:40.648 GMT+5:30"}
{"level":"info","message":"treatment suggestions fetched successfully","timestamp":"2024-08-07 16:26:40.665 GMT+5:30"}
{"level":"info","message":"available employee's data fetched successfully","timestamp":"2024-08-07 16:26:45.707 GMT+5:30"}
{"level":"info","message":"treatment suggestions fetched successfully","timestamp":"2024-08-07 16:26:45.725 GMT+5:30"}
{"level":"info","message":"available employee's data fetched successfully","timestamp":"2024-08-07 16:26:50.157 GMT+5:30"}
{"level":"info","message":"treatment suggestions fetched successfully","timestamp":"2024-08-07 16:26:50.159 GMT+5:30"}
{"level":"info","message":"available employee's data fetched successfully","timestamp":"2024-08-07 16:26:55.625 GMT+5:30"}
{"level":"info","message":"treatment suggestions fetched successfully","timestamp":"2024-08-07 16:26:55.628 GMT+5:30"}
{"level":"info","message":"available employee's data fetched successfully","timestamp":"2024-08-07 16:27:00.682 GMT+5:30"}
{"level":"info","message":"treatment suggestions fetched successfully","timestamp":"2024-08-07 16:27:00.700 GMT+5:30"}
{"level":"info","message":"available employee's data fetched successfully","timestamp":"2024-08-07 16:27:05.600 GMT+5:30"}
{"level":"info","message":"treatment suggestions fetched successfully","timestamp":"2024-08-07 16:27:05.611 GMT+5:30"}
{"level":"info","message":"available employee's data fetched successfully","timestamp":"2024-08-07 16:27:12.234 GMT+5:30"}
{"level":"info","message":"treatment suggestions fetched successfully","timestamp":"2024-08-07 16:27:12.239 GMT+5:30"}
{"level":"info","message":"available employee's data fetched successfully","timestamp":"2024-08-07 16:27:15.610 GMT+5:30"}
{"level":"info","message":"treatment suggestions fetched successfully","timestamp":"2024-08-07 16:27:15.640 GMT+5:30"}
{"level":"info","message":"available employee's data fetched successfully","timestamp":"2024-08-07 16:27:20.628 GMT+5:30"}
{"level":"info","message":"treatment suggestions fetched successfully","timestamp":"2024-08-07 16:27:20.644 GMT+5:30"}
{"level":"info","message":"available employee's data fetched successfully","timestamp":"2024-08-07 16:27:42.913 GMT+5:30"}
{"level":"info","message":"treatment suggestions fetched successfully","timestamp":"2024-08-07 16:27:42.916 GMT+5:30"}
{"level":"info","message":"available employee's data fetched successfully","timestamp":"2024-08-07 16:28:04.048 GMT+5:30"}
{"level":"info","message":"treatment suggestions fetched successfully","timestamp":"2024-08-07 16:28:04.056 GMT+5:30"}
{"level":"info","message":"available employee's data fetched successfully","timestamp":"2024-08-07 16:28:04.936 GMT+5:30"}
{"level":"info","message":"treatment suggestions fetched successfully","timestamp":"2024-08-07 16:28:04.962 GMT+5:30"}
{"level":"info","message":"available employee's data fetched successfully","timestamp":"2024-08-07 16:28:10.108 GMT+5:30"}
{"level":"info","message":"treatment suggestions fetched successfully","timestamp":"2024-08-07 16:28:10.111 GMT+5:30"}
{"level":"info","message":"available employee's data fetched successfully","timestamp":"2024-08-07 16:28:15.150 GMT+5:30"}
{"level":"info","message":"treatment suggestions fetched successfully","timestamp":"2024-08-07 16:28:15.156 GMT+5:30"}
{"level":"info","message":"available employee's data fetched successfully","timestamp":"2024-08-07 16:28:20.611 GMT+5:30"}
{"level":"info","message":"treatment suggestions fetched successfully","timestamp":"2024-08-07 16:28:20.628 GMT+5:30"}
{"level":"info","message":"treatment suggestions fetched successfully","timestamp":"2024-08-07 16:28:41.233 GMT+5:30"}
{"level":"info","message":"available employee's data fetched successfully","timestamp":"2024-08-07 16:28:41.237 GMT+5:30"}
{"level":"info","message":"available employee's data fetched successfully","timestamp":"2024-08-07 16:28:56.717 GMT+5:30"}
{"level":"info","message":"treatment suggestions fetched successfully","timestamp":"2024-08-07 16:28:56.739 GMT+5:30"}
{"level":"info","message":"available employee's data fetched successfully","timestamp":"2024-08-07 16:28:59.959 GMT+5:30"}
{"level":"info","message":"treatment suggestions fetched successfully","timestamp":"2024-08-07 16:28:59.965 GMT+5:30"}
{"level":"info","message":"available employee's data fetched successfully","timestamp":"2024-08-07 16:29:05.087 GMT+5:30"}
{"level":"info","message":"treatment suggestions fetched successfully","timestamp":"2024-08-07 16:29:05.089 GMT+5:30"}
{"level":"info","message":"available employee's data fetched successfully","timestamp":"2024-08-07 16:29:10.145 GMT+5:30"}
{"level":"info","message":"treatment suggestions fetched successfully","timestamp":"2024-08-07 16:29:10.151 GMT+5:30"}
{"level":"info","message":"available employee's data fetched successfully","timestamp":"2024-08-07 16:29:14.943 GMT+5:30"}
{"level":"info","message":"treatment suggestions fetched successfully","timestamp":"2024-08-07 16:29:14.946 GMT+5:30"}
{"level":"info","message":"available employee's data fetched successfully","timestamp":"2024-08-07 16:29:20.674 GMT+5:30"}
{"level":"info","message":"treatment suggestions fetched successfully","timestamp":"2024-08-07 16:29:20.679 GMT+5:30"}
{"level":"info","message":"available employee's data fetched successfully","timestamp":"2024-08-07 16:29:25.626 GMT+5:30"}
{"level":"info","message":"treatment suggestions fetched successfully","timestamp":"2024-08-07 16:29:25.631 GMT+5:30"}
{"level":"info","message":"available employee's data fetched successfully","timestamp":"2024-08-07 16:29:47.082 GMT+5:30"}
{"level":"info","message":"treatment suggestions fetched successfully","timestamp":"2024-08-07 16:29:47.085 GMT+5:30"}
{"level":"info","message":"available employee's data fetched successfully","timestamp":"2024-08-07 16:29:49.941 GMT+5:30"}
{"level":"info","message":"treatment suggestions fetched successfully","timestamp":"2024-08-07 16:29:49.947 GMT+5:30"}
{"level":"info","message":"available employee's data fetched successfully","timestamp":"2024-08-07 16:29:55.111 GMT+5:30"}
{"level":"info","message":"treatment suggestions fetched successfully","timestamp":"2024-08-07 16:29:55.113 GMT+5:30"}
{"level":"info","message":"available employee's data fetched successfully","timestamp":"2024-08-07 16:30:00.083 GMT+5:30"}
{"level":"info","message":"treatment suggestions fetched successfully","timestamp":"2024-08-07 16:30:00.088 GMT+5:30"}
{"level":"info","message":"available employee's data fetched successfully","timestamp":"2024-08-07 16:30:05.081 GMT+5:30"}
{"level":"info","message":"treatment suggestions fetched successfully","timestamp":"2024-08-07 16:30:05.084 GMT+5:30"}
{"level":"info","message":"available employee's data fetched successfully","timestamp":"2024-08-07 16:30:10.640 GMT+5:30"}
{"level":"info","message":"treatment suggestions fetched successfully","timestamp":"2024-08-07 16:30:10.642 GMT+5:30"}
{"level":"info","message":"available employee's data fetched successfully","timestamp":"2024-08-07 16:30:15.602 GMT+5:30"}
{"level":"info","message":"treatment suggestions fetched successfully","timestamp":"2024-08-07 16:30:15.605 GMT+5:30"}
{"level":"info","message":"available employee's data fetched successfully","timestamp":"2024-08-07 17:16:04.809 GMT+5:30"}
{"level":"info","message":"treatment suggestions fetched successfully","timestamp":"2024-08-07 17:16:04.891 GMT+5:30"}
{"level":"info","message":"available employee's data fetched successfully","timestamp":"2024-08-07 17:16:29.510 GMT+5:30"}
{"level":"info","message":"treatment suggestions fetched successfully","timestamp":"2024-08-07 17:16:29.525 GMT+5:30"}
{"level":"info","message":"available employee's data fetched successfully","timestamp":"2024-08-07 17:17:29.633 GMT+5:30"}
{"level":"info","message":"treatment suggestions fetched successfully","timestamp":"2024-08-07 17:17:29.636 GMT+5:30"}
{"level":"info","message":"available employee's data fetched successfully","timestamp":"2024-08-07 17:18:29.571 GMT+5:30"}
{"level":"info","message":"treatment suggestions fetched successfully","timestamp":"2024-08-07 17:18:29.574 GMT+5:30"}
{"level":"info","message":"available employee's data fetched successfully","timestamp":"2024-08-07 17:19:29.563 GMT+5:30"}
{"level":"info","message":"treatment suggestions fetched successfully","timestamp":"2024-08-07 17:19:29.571 GMT+5:30"}
{"level":"info","message":"available employee's data fetched successfully","timestamp":"2024-08-07 17:20:29.559 GMT+5:30"}
{"level":"info","message":"treatment suggestions fetched successfully","timestamp":"2024-08-07 17:20:29.575 GMT+5:30"}
{"level":"info","message":"available employee's data fetched successfully","timestamp":"2024-08-07 17:21:29.564 GMT+5:30"}
{"level":"info","message":"treatment suggestions fetched successfully","timestamp":"2024-08-07 17:21:29.567 GMT+5:30"}
{"level":"info","message":"available employee's data fetched successfully","timestamp":"2024-08-07 17:22:29.548 GMT+5:30"}
{"level":"info","message":"treatment suggestions fetched successfully","timestamp":"2024-08-07 17:22:29.561 GMT+5:30"}
{"level":"info","message":"available employee's data fetched successfully","timestamp":"2024-08-07 17:23:29.560 GMT+5:30"}
{"level":"info","message":"treatment suggestions fetched successfully","timestamp":"2024-08-07 17:23:29.572 GMT+5:30"}
{"level":"info","message":"available employee's data fetched successfully","timestamp":"2024-08-07 17:24:29.547 GMT+5:30"}
{"level":"info","message":"treatment suggestions fetched successfully","timestamp":"2024-08-07 17:24:29.565 GMT+5:30"}
{"level":"info","message":"available employee's data fetched successfully","timestamp":"2024-08-07 17:25:29.532 GMT+5:30"}
{"level":"info","message":"treatment suggestions fetched successfully","timestamp":"2024-08-07 17:25:29.548 GMT+5:30"}
{"level":"info","message":"available employee's data fetched successfully","timestamp":"2024-08-07 17:26:29.556 GMT+5:30"}
{"level":"info","message":"treatment suggestions fetched successfully","timestamp":"2024-08-07 17:26:29.571 GMT+5:30"}
{"level":"info","message":"available employee's data fetched successfully","timestamp":"2024-08-07 17:27:29.540 GMT+5:30"}
{"level":"info","message":"treatment suggestions fetched successfully","timestamp":"2024-08-07 17:27:29.543 GMT+5:30"}
{"level":"info","message":"available employee's data fetched successfully","timestamp":"2024-08-07 17:28:29.537 GMT+5:30"}
{"level":"info","message":"treatment suggestions fetched successfully","timestamp":"2024-08-07 17:28:29.547 GMT+5:30"}
{"level":"info","message":"available employee's data fetched successfully","timestamp":"2024-08-07 17:29:29.587 GMT+5:30"}
{"level":"info","message":"treatment suggestions fetched successfully","timestamp":"2024-08-07 17:29:29.602 GMT+5:30"}
{"level":"info","message":"available employee's data fetched successfully","timestamp":"2024-08-07 17:30:29.545 GMT+5:30"}
{"level":"info","message":"treatment suggestions fetched successfully","timestamp":"2024-08-07 17:30:29.547 GMT+5:30"}
{"level":"info","message":"available employee's data fetched successfully","timestamp":"2024-08-07 17:31:29.564 GMT+5:30"}
{"level":"info","message":"treatment suggestions fetched successfully","timestamp":"2024-08-07 17:31:29.570 GMT+5:30"}
{"level":"info","message":"available employee's data fetched successfully","timestamp":"2024-08-07 17:31:34.312 GMT+5:30"}
{"level":"info","message":"treatment suggestions fetched successfully","timestamp":"2024-08-07 17:31:34.317 GMT+5:30"}
{"level":"info","message":"available employee's data fetched successfully","timestamp":"2024-08-07 17:31:34.841 GMT+5:30"}
{"level":"info","message":"treatment suggestions fetched successfully","timestamp":"2024-08-07 17:31:34.849 GMT+5:30"}
{"level":"info","message":"available employee's data fetched successfully","timestamp":"2024-08-07 17:31:39.818 GMT+5:30"}
{"level":"info","message":"treatment suggestions fetched successfully","timestamp":"2024-08-07 17:31:39.822 GMT+5:30"}
{"level":"info","message":"available employee's data fetched successfully","timestamp":"2024-08-07 17:31:44.842 GMT+5:30"}
{"level":"info","message":"treatment suggestions fetched successfully","timestamp":"2024-08-07 17:31:44.845 GMT+5:30"}
{"level":"info","message":"available employee's data fetched successfully","timestamp":"2024-08-07 17:31:49.819 GMT+5:30"}
{"level":"info","message":"treatment suggestions fetched successfully","timestamp":"2024-08-07 17:31:49.834 GMT+5:30"}
{"level":"info","message":"available employee's data fetched successfully","timestamp":"2024-08-07 17:31:54.822 GMT+5:30"}
{"level":"info","message":"treatment suggestions fetched successfully","timestamp":"2024-08-07 17:31:54.826 GMT+5:30"}
{"level":"info","message":"treatment suggestions fetched successfully","timestamp":"2024-08-07 17:32:00.178 GMT+5:30"}
{"level":"info","message":"available employee's data fetched successfully","timestamp":"2024-08-07 17:32:00.331 GMT+5:30"}
{"level":"info","message":"available employee's data fetched successfully","timestamp":"2024-08-07 17:32:04.831 GMT+5:30"}
{"level":"info","message":"treatment suggestions fetched successfully","timestamp":"2024-08-07 17:32:04.840 GMT+5:30"}
{"level":"info","message":"available employee's data fetched successfully","timestamp":"2024-08-07 17:32:09.840 GMT+5:30"}
{"level":"info","message":"treatment suggestions fetched successfully","timestamp":"2024-08-07 17:32:09.842 GMT+5:30"}
{"level":"info","message":"available employee's data fetched successfully","timestamp":"2024-08-07 17:32:14.829 GMT+5:30"}
{"level":"info","message":"treatment suggestions fetched successfully","timestamp":"2024-08-07 17:32:14.832 GMT+5:30"}
{"level":"info","message":"available employee's data fetched successfully","timestamp":"2024-08-07 17:32:19.839 GMT+5:30"}
{"level":"info","message":"treatment suggestions fetched successfully","timestamp":"2024-08-07 17:32:19.841 GMT+5:30"}
{"level":"info","message":"available employee's data fetched successfully","timestamp":"2024-08-07 17:32:24.984 GMT+5:30"}
{"level":"info","message":"treatment suggestions fetched successfully","timestamp":"2024-08-07 17:32:24.987 GMT+5:30"}
{"level":"info","message":"available employee's data fetched successfully","timestamp":"2024-08-07 17:32:29.864 GMT+5:30"}
{"level":"info","message":"treatment suggestions fetched successfully","timestamp":"2024-08-07 17:32:29.871 GMT+5:30"}
{"level":"info","message":"available employee's data fetched successfully","timestamp":"2024-08-07 17:32:34.815 GMT+5:30"}
{"level":"info","message":"treatment suggestions fetched successfully","timestamp":"2024-08-07 17:32:34.827 GMT+5:30"}
{"level":"info","message":"available employee's data fetched successfully","timestamp":"2024-08-07 17:32:39.846 GMT+5:30"}
{"level":"info","message":"treatment suggestions fetched successfully","timestamp":"2024-08-07 17:32:39.848 GMT+5:30"}
{"level":"info","message":"available employee's data fetched successfully","timestamp":"2024-08-07 17:32:45.373 GMT+5:30"}
{"level":"info","message":"treatment suggestions fetched successfully","timestamp":"2024-08-07 17:32:45.383 GMT+5:30"}
{"level":"info","message":"available employee's data fetched successfully","timestamp":"2024-08-07 17:32:50.378 GMT+5:30"}
{"level":"info","message":"treatment suggestions fetched successfully","timestamp":"2024-08-07 17:32:50.382 GMT+5:30"}
{"level":"info","message":"available employee's data fetched successfully","timestamp":"2024-08-07 17:32:55.352 GMT+5:30"}
{"level":"info","message":"treatment suggestions fetched successfully","timestamp":"2024-08-07 17:32:55.354 GMT+5:30"}
{"level":"info","message":"available employee's data fetched successfully","timestamp":"2024-08-07 17:33:00.356 GMT+5:30"}
{"level":"info","message":"treatment suggestions fetched successfully","timestamp":"2024-08-07 17:33:00.358 GMT+5:30"}
{"level":"info","message":"available employee's data fetched successfully","timestamp":"2024-08-07 17:33:05.344 GMT+5:30"}
{"level":"info","message":"treatment suggestions fetched successfully","timestamp":"2024-08-07 17:33:05.346 GMT+5:30"}
{"level":"info","message":"available employee's data fetched successfully","timestamp":"2024-08-07 17:33:10.361 GMT+5:30"}
{"level":"info","message":"treatment suggestions fetched successfully","timestamp":"2024-08-07 17:33:10.364 GMT+5:30"}
{"level":"info","message":"available employee's data fetched successfully","timestamp":"2024-08-07 17:33:15.354 GMT+5:30"}
{"level":"info","message":"treatment suggestions fetched successfully","timestamp":"2024-08-07 17:33:15.356 GMT+5:30"}
{"level":"info","message":"available employee's data fetched successfully","timestamp":"2024-08-07 17:33:20.335 GMT+5:30"}
{"level":"info","message":"treatment suggestions fetched successfully","timestamp":"2024-08-07 17:33:20.337 GMT+5:30"}
{"level":"info","message":"available employee's data fetched successfully","timestamp":"2024-08-07 17:33:25.354 GMT+5:30"}
{"level":"info","message":"treatment suggestions fetched successfully","timestamp":"2024-08-07 17:33:25.356 GMT+5:30"}
{"level":"info","message":"treatment suggestions fetched successfully","timestamp":"2024-08-07 17:33:30.356 GMT+5:30"}
{"level":"info","message":"available employee's data fetched successfully","timestamp":"2024-08-07 17:33:30.359 GMT+5:30"}
{"level":"info","message":"available employee's data fetched successfully","timestamp":"2024-08-07 17:33:35.362 GMT+5:30"}
{"level":"info","message":"treatment suggestions fetched successfully","timestamp":"2024-08-07 17:33:35.376 GMT+5:30"}
{"level":"info","message":"available employee's data fetched successfully","timestamp":"2024-08-07 17:33:40.351 GMT+5:30"}
{"level":"info","message":"treatment suggestions fetched successfully","timestamp":"2024-08-07 17:33:40.354 GMT+5:30"}
{"level":"info","message":"available employee's data fetched successfully","timestamp":"2024-08-07 17:34:11.472 GMT+5:30"}
{"level":"info","message":"treatment suggestions fetched successfully","timestamp":"2024-08-07 17:34:11.477 GMT+5:30"}
{"level":"info","message":"available employee's data fetched successfully","timestamp":"2024-08-07 17:34:14.855 GMT+5:30"}
{"level":"info","message":"treatment suggestions fetched successfully","timestamp":"2024-08-07 17:34:14.859 GMT+5:30"}
{"level":"info","message":"available employee's data fetched successfully","timestamp":"2024-08-07 17:34:19.976 GMT+5:30"}
{"level":"info","message":"treatment suggestions fetched successfully","timestamp":"2024-08-07 17:34:19.978 GMT+5:30"}
{"level":"info","message":"available employee's data fetched successfully","timestamp":"2024-08-07 17:34:25.025 GMT+5:30"}
{"level":"info","message":"treatment suggestions fetched successfully","timestamp":"2024-08-07 17:34:25.032 GMT+5:30"}
{"level":"info","message":"available employee's data fetched successfully","timestamp":"2024-08-07 17:34:29.987 GMT+5:30"}
{"level":"info","message":"treatment suggestions fetched successfully","timestamp":"2024-08-07 17:34:29.989 GMT+5:30"}
{"level":"info","message":"available employee's data fetched successfully","timestamp":"2024-08-07 17:34:34.860 GMT+5:30"}
{"level":"info","message":"treatment suggestions fetched successfully","timestamp":"2024-08-07 17:34:34.864 GMT+5:30"}
{"level":"info","message":"available employee's data fetched successfully","timestamp":"2024-08-07 17:34:39.982 GMT+5:30"}
{"level":"info","message":"treatment suggestions fetched successfully","timestamp":"2024-08-07 17:34:39.984 GMT+5:30"}
{"level":"info","message":"available employee's data fetched successfully","timestamp":"2024-08-07 17:34:44.990 GMT+5:30"}
{"level":"info","message":"treatment suggestions fetched successfully","timestamp":"2024-08-07 17:34:44.994 GMT+5:30"}
{"level":"info","message":"available employee's data fetched successfully","timestamp":"2024-08-07 17:34:50.015 GMT+5:30"}
{"level":"info","message":"treatment suggestions fetched successfully","timestamp":"2024-08-07 17:34:50.018 GMT+5:30"}
{"level":"info","message":"available employee's data fetched successfully","timestamp":"2024-08-07 17:34:54.965 GMT+5:30"}
{"level":"info","message":"treatment suggestions fetched successfully","timestamp":"2024-08-07 17:34:54.968 GMT+5:30"}
{"level":"info","message":"available employee's data fetched successfully","timestamp":"2024-08-07 17:35:00.158 GMT+5:30"}
{"level":"info","message":"treatment suggestions fetched successfully","timestamp":"2024-08-07 17:35:00.163 GMT+5:30"}
{"level":"info","message":"available employee's data fetched successfully","timestamp":"2024-08-07 17:35:04.824 GMT+5:30"}
{"level":"info","message":"treatment suggestions fetched successfully","timestamp":"2024-08-07 17:35:04.838 GMT+5:30"}
{"level":"info","message":"available employee's data fetched successfully","timestamp":"2024-08-07 17:35:09.866 GMT+5:30"}
{"level":"info","message":"treatment suggestions fetched successfully","timestamp":"2024-08-07 17:35:09.870 GMT+5:30"}
{"level":"info","message":"available employee's data fetched successfully","timestamp":"2024-08-07 17:35:15.362 GMT+5:30"}
{"level":"info","message":"treatment suggestions fetched successfully","timestamp":"2024-08-07 17:35:15.371 GMT+5:30"}
{"level":"info","message":"treatment suggestions fetched successfully","timestamp":"2024-08-07 17:35:20.004 GMT+5:30"}
{"level":"info","message":"available employee's data fetched successfully","timestamp":"2024-08-07 17:35:20.014 GMT+5:30"}
{"level":"info","message":"available employee's data fetched successfully","timestamp":"2024-08-07 17:35:24.822 GMT+5:30"}
{"level":"info","message":"treatment suggestions fetched successfully","timestamp":"2024-08-07 17:35:24.825 GMT+5:30"}
{"level":"info","message":"available employee's data fetched successfully","timestamp":"2024-08-07 17:35:29.983 GMT+5:30"}
{"level":"info","message":"treatment suggestions fetched successfully","timestamp":"2024-08-07 17:35:29.986 GMT+5:30"}
{"level":"info","message":"available employee's data fetched successfully","timestamp":"2024-08-07 17:35:34.964 GMT+5:30"}
{"level":"info","message":"treatment suggestions fetched successfully","timestamp":"2024-08-07 17:35:34.968 GMT+5:30"}
{"level":"info","message":"available employee's data fetched successfully","timestamp":"2024-08-07 17:35:40.016 GMT+5:30"}
{"level":"info","message":"treatment suggestions fetched successfully","timestamp":"2024-08-07 17:35:40.021 GMT+5:30"}
{"level":"info","message":"available employee's data fetched successfully","timestamp":"2024-08-07 17:35:44.989 GMT+5:30"}
{"level":"info","message":"treatment suggestions fetched successfully","timestamp":"2024-08-07 17:35:44.992 GMT+5:30"}
{"level":"info","message":"available employee's data fetched successfully","timestamp":"2024-08-07 17:35:49.827 GMT+5:30"}
{"level":"info","message":"treatment suggestions fetched successfully","timestamp":"2024-08-07 17:35:49.830 GMT+5:30"}
{"level":"info","message":"available employee's data fetched successfully","timestamp":"2024-08-07 17:35:54.829 GMT+5:30"}
{"level":"info","message":"treatment suggestions fetched successfully","timestamp":"2024-08-07 17:35:54.850 GMT+5:30"}
{"level":"info","message":"available employee's data fetched successfully","timestamp":"2024-08-07 17:36:00.498 GMT+5:30"}
{"level":"info","message":"treatment suggestions fetched successfully","timestamp":"2024-08-07 17:36:00.511 GMT+5:30"}
{"level":"info","message":"available employee's data fetched successfully","timestamp":"2024-08-07 17:36:05.547 GMT+5:30"}
{"level":"info","message":"treatment suggestions fetched successfully","timestamp":"2024-08-07 17:36:05.551 GMT+5:30"}
{"level":"info","message":"available employee's data fetched successfully","timestamp":"2024-08-07 17:36:10.642 GMT+5:30"}
{"level":"info","message":"treatment suggestions fetched successfully","timestamp":"2024-08-07 17:36:10.659 GMT+5:30"}
{"level":"info","message":"available employee's data fetched successfully","timestamp":"2024-08-07 17:36:16.189 GMT+5:30"}
{"level":"info","message":"treatment suggestions fetched successfully","timestamp":"2024-08-07 17:36:16.211 GMT+5:30"}
{"level":"info","message":"available employee's data fetched successfully","timestamp":"2024-08-07 17:36:19.815 GMT+5:30"}
{"level":"info","message":"treatment suggestions fetched successfully","timestamp":"2024-08-07 17:36:19.818 GMT+5:30"}
{"level":"info","message":"treatment suggestions fetched successfully","timestamp":"2024-08-07 17:36:24.993 GMT+5:30"}
{"level":"info","message":"available employee's data fetched successfully","timestamp":"2024-08-07 17:36:24.995 GMT+5:30"}
{"level":"info","message":"available employee's data fetched successfully","timestamp":"2024-08-07 17:36:29.809 GMT+5:30"}
{"level":"info","message":"treatment suggestions fetched successfully","timestamp":"2024-08-07 17:36:29.838 GMT+5:30"}
{"level":"info","message":"available employee's data fetched successfully","timestamp":"2024-08-07 17:36:35.096 GMT+5:30"}
{"level":"info","message":"treatment suggestions fetched successfully","timestamp":"2024-08-07 17:36:35.107 GMT+5:30"}
{"level":"info","message":"available employee's data fetched successfully","timestamp":"2024-08-07 17:36:39.986 GMT+5:30"}
{"level":"info","message":"treatment suggestions fetched successfully","timestamp":"2024-08-07 17:36:39.988 GMT+5:30"}
{"level":"info","message":"available employee's data fetched successfully","timestamp":"2024-08-07 17:36:44.980 GMT+5:30"}
{"level":"info","message":"treatment suggestions fetched successfully","timestamp":"2024-08-07 17:36:44.987 GMT+5:30"}
{"level":"info","message":"available employee's data fetched successfully","timestamp":"2024-08-07 17:36:50.005 GMT+5:30"}
{"level":"info","message":"treatment suggestions fetched successfully","timestamp":"2024-08-07 17:36:50.009 GMT+5:30"}
{"level":"info","message":"available employee's data fetched successfully","timestamp":"2024-08-07 17:36:54.975 GMT+5:30"}
{"level":"info","message":"treatment suggestions fetched successfully","timestamp":"2024-08-07 17:36:54.984 GMT+5:30"}
{"level":"info","message":"available employee's data fetched successfully","timestamp":"2024-08-07 17:37:00.331 GMT+5:30"}
{"level":"info","message":"treatment suggestions fetched successfully","timestamp":"2024-08-07 17:37:00.342 GMT+5:30"}
{"level":"info","message":"available employee's data fetched successfully","timestamp":"2024-08-07 17:37:05.497 GMT+5:30"}
{"level":"info","message":"treatment suggestions fetched successfully","timestamp":"2024-08-07 17:37:05.510 GMT+5:30"}
{"level":"info","message":"available employee's data fetched successfully","timestamp":"2024-08-07 17:37:10.753 GMT+5:30"}
{"level":"info","message":"treatment suggestions fetched successfully","timestamp":"2024-08-07 17:37:10.755 GMT+5:30"}
{"level":"info","message":"treatment suggestions fetched successfully","timestamp":"2024-08-07 17:37:14.983 GMT+5:30"}
{"level":"info","message":"available employee's data fetched successfully","timestamp":"2024-08-07 17:37:14.988 GMT+5:30"}
{"level":"info","message":"treatment suggestions fetched successfully","timestamp":"2024-08-07 17:37:20.077 GMT+5:30"}
{"level":"info","message":"available employee's data fetched successfully","timestamp":"2024-08-07 17:37:20.080 GMT+5:30"}
{"level":"info","message":"treatment suggestions fetched successfully","timestamp":"2024-08-07 17:37:25.038 GMT+5:30"}
{"level":"info","message":"available employee's data fetched successfully","timestamp":"2024-08-07 17:37:25.063 GMT+5:30"}
{"level":"info","message":"available employee's data fetched successfully","timestamp":"2024-08-07 17:37:29.996 GMT+5:30"}
{"level":"info","message":"treatment suggestions fetched successfully","timestamp":"2024-08-07 17:37:29.998 GMT+5:30"}
{"level":"info","message":"available employee's data fetched successfully","timestamp":"2024-08-07 17:37:34.993 GMT+5:30"}
{"level":"info","message":"treatment suggestions fetched successfully","timestamp":"2024-08-07 17:37:34.996 GMT+5:30"}
{"level":"info","message":"available employee's data fetched successfully","timestamp":"2024-08-07 17:37:39.979 GMT+5:30"}
{"level":"info","message":"treatment suggestions fetched successfully","timestamp":"2024-08-07 17:37:39.982 GMT+5:30"}
{"level":"info","message":"available employee's data fetched successfully","timestamp":"2024-08-07 17:37:45.017 GMT+5:30"}
{"level":"info","message":"treatment suggestions fetched successfully","timestamp":"2024-08-07 17:37:45.021 GMT+5:30"}
{"level":"info","message":"available employee's data fetched successfully","timestamp":"2024-08-07 17:37:49.978 GMT+5:30"}
{"level":"info","message":"treatment suggestions fetched successfully","timestamp":"2024-08-07 17:37:49.981 GMT+5:30"}
{"level":"info","message":"available employee's data fetched successfully","timestamp":"2024-08-07 17:37:54.992 GMT+5:30"}
{"level":"info","message":"treatment suggestions fetched successfully","timestamp":"2024-08-07 17:37:55.009 GMT+5:30"}
{"level":"info","message":"available employee's data fetched successfully","timestamp":"2024-08-07 17:37:59.982 GMT+5:30"}
{"level":"info","message":"treatment suggestions fetched successfully","timestamp":"2024-08-07 17:37:59.985 GMT+5:30"}
{"level":"info","message":"available employee's data fetched successfully","timestamp":"2024-08-07 17:38:04.977 GMT+5:30"}
{"level":"info","message":"treatment suggestions fetched successfully","timestamp":"2024-08-07 17:38:04.989 GMT+5:30"}
{"level":"info","message":"available employee's data fetched successfully","timestamp":"2024-08-07 17:38:09.962 GMT+5:30"}
{"level":"info","message":"treatment suggestions fetched successfully","timestamp":"2024-08-07 17:38:09.964 GMT+5:30"}
{"level":"info","message":"available employee's data fetched successfully","timestamp":"2024-08-07 17:38:14.956 GMT+5:30"}
{"level":"info","message":"treatment suggestions fetched successfully","timestamp":"2024-08-07 17:38:14.970 GMT+5:30"}
{"level":"info","message":"available employee's data fetched successfully","timestamp":"2024-08-07 17:38:20.002 GMT+5:30"}
{"level":"info","message":"treatment suggestions fetched successfully","timestamp":"2024-08-07 17:38:20.005 GMT+5:30"}
{"level":"info","message":"available employee's data fetched successfully","timestamp":"2024-08-07 17:38:25.052 GMT+5:30"}
{"level":"info","message":"treatment suggestions fetched successfully","timestamp":"2024-08-07 17:38:25.077 GMT+5:30"}
{"level":"info","message":"available employee's data fetched successfully","timestamp":"2024-08-07 17:38:29.975 GMT+5:30"}
{"level":"info","message":"treatment suggestions fetched successfully","timestamp":"2024-08-07 17:38:29.978 GMT+5:30"}
{"level":"info","message":"available employee's data fetched successfully","timestamp":"2024-08-07 17:38:34.997 GMT+5:30"}
{"level":"info","message":"treatment suggestions fetched successfully","timestamp":"2024-08-07 17:38:35.004 GMT+5:30"}
{"level":"info","message":"available employee's data fetched successfully","timestamp":"2024-08-07 17:38:39.985 GMT+5:30"}
{"level":"info","message":"treatment suggestions fetched successfully","timestamp":"2024-08-07 17:38:39.987 GMT+5:30"}
{"level":"info","message":"available employee's data fetched successfully","timestamp":"2024-08-07 17:38:45.027 GMT+5:30"}
{"level":"info","message":"treatment suggestions fetched successfully","timestamp":"2024-08-07 17:38:45.031 GMT+5:30"}
{"level":"info","message":"available employee's data fetched successfully","timestamp":"2024-08-07 17:38:49.828 GMT+5:30"}
{"level":"info","message":"treatment suggestions fetched successfully","timestamp":"2024-08-07 17:38:49.832 GMT+5:30"}
{"level":"info","message":"available employee's data fetched successfully","timestamp":"2024-08-07 17:38:55.343 GMT+5:30"}
{"level":"info","message":"treatment suggestions fetched successfully","timestamp":"2024-08-07 17:38:55.358 GMT+5:30"}
{"level":"info","message":"available employee's data fetched successfully","timestamp":"2024-08-07 17:39:00.501 GMT+5:30"}
{"level":"info","message":"treatment suggestions fetched successfully","timestamp":"2024-08-07 17:39:00.513 GMT+5:30"}
{"level":"info","message":"available employee's data fetched successfully","timestamp":"2024-08-07 17:39:05.475 GMT+5:30"}
{"level":"info","message":"treatment suggestions fetched successfully","timestamp":"2024-08-07 17:39:05.478 GMT+5:30"}
{"level":"info","message":"available employee's data fetched successfully","timestamp":"2024-08-07 17:39:10.494 GMT+5:30"}
{"level":"info","message":"treatment suggestions fetched successfully","timestamp":"2024-08-07 17:39:10.496 GMT+5:30"}
{"level":"info","message":"available employee's data fetched successfully","timestamp":"2024-08-07 17:39:15.478 GMT+5:30"}
{"level":"info","message":"treatment suggestions fetched successfully","timestamp":"2024-08-07 17:39:15.481 GMT+5:30"}
{"level":"info","message":"available employee's data fetched successfully","timestamp":"2024-08-07 17:39:20.489 GMT+5:30"}
{"level":"info","message":"treatment suggestions fetched successfully","timestamp":"2024-08-07 17:39:20.500 GMT+5:30"}
{"level":"info","message":"available employee's data fetched successfully","timestamp":"2024-08-07 17:39:25.592 GMT+5:30"}
{"level":"info","message":"treatment suggestions fetched successfully","timestamp":"2024-08-07 17:39:25.606 GMT+5:30"}
{"level":"info","message":"available employee's data fetched successfully","timestamp":"2024-08-07 17:39:30.897 GMT+5:30"}
{"level":"info","message":"treatment suggestions fetched successfully","timestamp":"2024-08-07 17:39:30.900 GMT+5:30"}
{"level":"info","message":"treatment suggestions fetched successfully","timestamp":"2024-08-07 17:39:31.360 GMT+5:30"}
{"level":"info","message":"available employee's data fetched successfully","timestamp":"2024-08-07 17:39:35.506 GMT+5:30"}
{"level":"info","message":"treatment suggestions fetched successfully","timestamp":"2024-08-07 17:39:35.515 GMT+5:30"}
{"level":"info","message":"available employee's data fetched successfully","timestamp":"2024-08-07 17:39:40.483 GMT+5:30"}
{"level":"info","message":"treatment suggestions fetched successfully","timestamp":"2024-08-07 17:39:40.496 GMT+5:30"}
{"level":"info","message":"available employee's data fetched successfully","timestamp":"2024-08-07 17:39:45.490 GMT+5:30"}
{"level":"info","message":"treatment suggestions fetched successfully","timestamp":"2024-08-07 17:39:45.504 GMT+5:30"}
{"level":"info","message":"available employee's data fetched successfully","timestamp":"2024-08-07 17:39:50.524 GMT+5:30"}
{"level":"info","message":"treatment suggestions fetched successfully","timestamp":"2024-08-07 17:39:50.534 GMT+5:30"}
{"level":"info","message":"treatment suggestions fetched successfully","timestamp":"2024-08-07 17:40:00.356 GMT+5:30"}
{"level":"info","message":"available employee's data fetched successfully","timestamp":"2024-08-07 17:40:29.531 GMT+5:30"}
{"level":"info","message":"treatment suggestions fetched successfully","timestamp":"2024-08-07 17:40:29.535 GMT+5:30"}
{"level":"info","message":"available employee's data fetched successfully","timestamp":"2024-08-07 17:40:50.990 GMT+5:30"}
{"level":"info","message":"treatment suggestions fetched successfully","timestamp":"2024-08-07 17:40:51.010 GMT+5:30"}
{"level":"info","message":"available employee's data fetched successfully","timestamp":"2024-08-07 17:40:54.829 GMT+5:30"}
{"level":"info","message":"treatment suggestions fetched successfully","timestamp":"2024-08-07 17:40:54.832 GMT+5:30"}
{"level":"info","message":"treatment suggestions fetched successfully","timestamp":"2024-08-07 17:40:55.378 GMT+5:30"}
{"level":"info","message":"available employee's data fetched successfully","timestamp":"2024-08-07 17:41:00.018 GMT+5:30"}
{"level":"info","message":"treatment suggestions fetched successfully","timestamp":"2024-08-07 17:41:00.022 GMT+5:30"}
{"level":"info","message":"available employee's data fetched successfully","timestamp":"2024-08-07 17:41:05.010 GMT+5:30"}
{"level":"info","message":"treatment suggestions fetched successfully","timestamp":"2024-08-07 17:41:05.013 GMT+5:30"}
{"level":"info","message":"available employee's data fetched successfully","timestamp":"2024-08-07 17:41:10.016 GMT+5:30"}
{"level":"info","message":"treatment suggestions fetched successfully","timestamp":"2024-08-07 17:41:10.024 GMT+5:30"}
{"level":"info","message":"available employee's data fetched successfully","timestamp":"2024-08-07 17:41:15.018 GMT+5:30"}
{"level":"info","message":"treatment suggestions fetched successfully","timestamp":"2024-08-07 17:41:15.025 GMT+5:30"}
{"level":"info","message":"available employee's data fetched successfully","timestamp":"2024-08-07 17:41:20.030 GMT+5:30"}
{"level":"info","message":"treatment suggestions fetched successfully","timestamp":"2024-08-07 17:41:20.032 GMT+5:30"}
{"level":"info","message":"treatment suggestions fetched successfully","timestamp":"2024-08-07 17:41:24.974 GMT+5:30"}
{"level":"info","message":"available employee's data fetched successfully","timestamp":"2024-08-07 17:41:24.978 GMT+5:30"}
{"level":"info","message":"available employee's data fetched successfully","timestamp":"2024-08-07 17:41:29.992 GMT+5:30"}
{"level":"info","message":"treatment suggestions fetched successfully","timestamp":"2024-08-07 17:41:29.995 GMT+5:30"}
{"level":"info","message":"available employee's data fetched successfully","timestamp":"2024-08-07 17:41:35.018 GMT+5:30"}
{"level":"info","message":"treatment suggestions fetched successfully","timestamp":"2024-08-07 17:41:35.023 GMT+5:30"}
{"level":"info","message":"available employee's data fetched successfully","timestamp":"2024-08-07 17:41:39.970 GMT+5:30"}
{"level":"info","message":"treatment suggestions fetched successfully","timestamp":"2024-08-07 17:41:39.973 GMT+5:30"}
{"level":"info","message":"available employee's data fetched successfully","timestamp":"2024-08-07 17:41:44.995 GMT+5:30"}
{"level":"info","message":"treatment suggestions fetched successfully","timestamp":"2024-08-07 17:41:44.999 GMT+5:30"}
{"level":"info","message":"available employee's data fetched successfully","timestamp":"2024-08-07 17:41:49.981 GMT+5:30"}
{"level":"info","message":"treatment suggestions fetched successfully","timestamp":"2024-08-07 17:41:49.995 GMT+5:30"}
{"level":"info","message":"available employee's data fetched successfully","timestamp":"2024-08-07 17:41:54.987 GMT+5:30"}
{"level":"info","message":"treatment suggestions fetched successfully","timestamp":"2024-08-07 17:41:55.001 GMT+5:30"}
{"level":"info","message":"treatment suggestions fetched successfully","timestamp":"2024-08-07 17:42:32.486 GMT+5:30"}
{"level":"info","message":"bill details fetched successfully","timestamp":"2024-08-07 17:42:32.489 GMT+5:30"}
{"level":"info","message":"treatment suggestions fetched successfully","timestamp":"2024-08-07 17:42:32.530 GMT+5:30"}
{"level":"info","message":"bill details fetched successfully","timestamp":"2024-08-07 17:42:32.540 GMT+5:30"}
{"level":"info","message":"patient data fetched successfully","timestamp":"2024-08-07 17:43:50.091 GMT+5:30"}
{"level":"info","message":"branch details fetched successfully","timestamp":"2024-08-07 17:43:50.101 GMT+5:30"}
{"level":"info","message":"employee data fetched successfully","timestamp":"2024-08-07 17:43:50.115 GMT+5:30"}
{"level":"info","message":"patient data fetched successfully","timestamp":"2024-08-07 17:43:50.127 GMT+5:30"}
{"level":"info","message":"branch details fetched successfully","timestamp":"2024-08-07 17:43:50.133 GMT+5:30"}
{"level":"info","message":"employee data fetched successfully","timestamp":"2024-08-07 17:43:50.144 GMT+5:30"}
{"level":"info","message":"employee data fetched successfully","timestamp":"2024-08-07 17:43:50.166 GMT+5:30"}
{"level":"info","message":"employee data fetched successfully","timestamp":"2024-08-07 17:43:50.184 GMT+5:30"}
{"level":"info","message":"treatment suggestions fetched successfully","timestamp":"2024-08-07 17:43:57.973 GMT+5:30"}
{"level":"info","message":"bill details fetched successfully","timestamp":"2024-08-07 17:43:57.976 GMT+5:30"}
{"level":"info","message":"treatment suggestions fetched successfully","timestamp":"2024-08-07 17:43:58.040 GMT+5:30"}
{"level":"info","message":"bill details fetched successfully","timestamp":"2024-08-07 17:43:58.057 GMT+5:30"}
{"level":"info","message":"Appointment data fetched successfully","timestamp":"2024-08-07 18:01:02.090 GMT+5:30"}
{"level":"info","message":"examination data fetched successfully","timestamp":"2024-08-07 18:01:02.183 GMT+5:30"}
{"level":"info","message":"treatment details fetched successfully","timestamp":"2024-08-07 18:01:02.222 GMT+5:30"}
{"level":"info","message":"prescription data fetched successfully","timestamp":"2024-08-07 18:01:02.225 GMT+5:30"}
{"level":"error","message":"no data found for give patient uhid","timestamp":"2024-08-07 18:01:02.227 GMT+5:30"}
{"level":"info","message":"payment details fetched successfully","timestamp":"2024-08-07 18:01:02.237 GMT+5:30"}
{"level":"info","message":"patient data fetched successfully","timestamp":"2024-08-07 18:01:02.263 GMT+5:30"}
{"level":"info","message":"patient timeline fetched successfully","timestamp":"2024-08-07 18:01:02.273 GMT+5:30"}
{"level":"info","message":"Appointment data fetched successfully","timestamp":"2024-08-07 18:01:02.331 GMT+5:30"}
{"level":"info","message":"treatment fetched successfully","timestamp":"2024-08-07 18:01:02.338 GMT+5:30"}
{"level":"info","message":"examination data fetched successfully","timestamp":"2024-08-07 18:01:02.362 GMT+5:30"}
{"level":"info","message":"treatment details fetched successfully","timestamp":"2024-08-07 18:01:02.376 GMT+5:30"}
{"level":"info","message":"prescription data fetched successfully","timestamp":"2024-08-07 18:01:02.389 GMT+5:30"}
{"level":"info","message":"patient data fetched successfully","timestamp":"2024-08-07 18:01:02.413 GMT+5:30"}
{"level":"error","message":"no data found for give patient uhid","timestamp":"2024-08-07 18:01:02.427 GMT+5:30"}
{"level":"info","message":"payment details fetched successfully","timestamp":"2024-08-07 18:01:02.474 GMT+5:30"}
{"level":"info","message":"patient timeline fetched successfully","timestamp":"2024-08-07 18:01:02.511 GMT+5:30"}
{"level":"info","message":"Appointment data fetched successfully","timestamp":"2024-08-07 18:01:02.532 GMT+5:30"}
{"level":"info","message":"treatment fetched successfully","timestamp":"2024-08-07 18:01:02.540 GMT+5:30"}
{"level":"info","message":"examination data fetched successfully","timestamp":"2024-08-07 18:01:02.543 GMT+5:30"}
{"level":"info","message":"treatment details fetched successfully","timestamp":"2024-08-07 18:01:02.555 GMT+5:30"}
{"level":"info","message":"prescription data fetched successfully","timestamp":"2024-08-07 18:01:02.593 GMT+5:30"}
{"level":"error","message":"no data found for give patient uhid","timestamp":"2024-08-07 18:01:02.612 GMT+5:30"}
{"level":"info","message":"Appointment data fetched successfully","timestamp":"2024-08-07 18:01:02.622 GMT+5:30"}
{"level":"info","message":"examination data fetched successfully","timestamp":"2024-08-07 18:01:02.625 GMT+5:30"}
{"level":"info","message":"treatment details fetched successfully","timestamp":"2024-08-07 18:01:02.659 GMT+5:30"}
{"level":"info","message":"prescription data fetched successfully","timestamp":"2024-08-07 18:01:02.660 GMT+5:30"}
{"level":"error","message":"no data found for give patient uhid","timestamp":"2024-08-07 18:01:02.663 GMT+5:30"}
{"level":"info","message":"patient data fetched successfully","timestamp":"2024-08-07 18:03:08.364 GMT+5:30"}
{"level":"info","message":"treatment fetched successfully","timestamp":"2024-08-07 18:03:08.377 GMT+5:30"}
{"level":"info","message":"employee data fetched successfully","timestamp":"2024-08-07 18:03:18.186 GMT+5:30"}
{"level":"info","message":"employee data fetched successfully","timestamp":"2024-08-07 18:03:18.230 GMT+5:30"}
{"level":"info","message":"employee data fetched successfully","timestamp":"2024-08-07 18:03:18.349 GMT+5:30"}
{"level":"info","message":"employee data fetched successfully","timestamp":"2024-08-07 18:03:18.386 GMT+5:30"}
{"level":"info","message":"employee data fetched successfully","timestamp":"2024-08-07 18:03:23.032 GMT+5:30"}
{"level":"info","message":"employee data fetched successfully","timestamp":"2024-08-07 18:03:23.069 GMT+5:30"}
{"level":"info","message":"employee data fetched successfully","timestamp":"2024-08-07 18:03:23.098 GMT+5:30"}
{"level":"info","message":"employee data fetched successfully","timestamp":"2024-08-07 18:03:23.118 GMT+5:30"}
{"level":"info","message":"employee data fetched successfully","timestamp":"2024-08-07 18:03:31.783 GMT+5:30"}
{"level":"info","message":"branch data fetched successfully","timestamp":"2024-08-07 18:03:31.814 GMT+5:30"}
{"level":"info","message":"employee data fetched successfully","timestamp":"2024-08-07 18:03:31.866 GMT+5:30"}
{"level":"info","message":"branch data fetched successfully","timestamp":"2024-08-07 18:03:31.912 GMT+5:30"}
{"level":"info","message":"employee data fetched successfully","timestamp":"2024-08-07 18:03:31.972 GMT+5:30"}
{"level":"info","message":"employee data fetched successfully","timestamp":"2024-08-07 18:03:31.983 GMT+5:30"}
{"level":"info","message":"employee data fetched successfully","timestamp":"2024-08-07 18:03:33.816 GMT+5:30"}
{"level":"info","message":"employee data fetched successfully","timestamp":"2024-08-07 18:03:33.845 GMT+5:30"}
{"level":"info","message":"employee data fetched successfully","timestamp":"2024-08-07 18:03:33.862 GMT+5:30"}
{"level":"info","message":"employee data fetched successfully","timestamp":"2024-08-07 18:03:33.879 GMT+5:30"}
{"level":"info","message":"employee data fetched successfully","timestamp":"2024-08-07 18:04:29.031 GMT+5:30"}
{"level":"info","message":"employee data fetched successfully","timestamp":"2024-08-07 18:04:29.068 GMT+5:30"}
{"level":"info","message":"branch data fetched successfully","timestamp":"2024-08-07 18:04:32.977 GMT+5:30"}
{"level":"info","message":"lab list fetched successfully","timestamp":"2024-08-07 18:04:33.017 GMT+5:30"}
{"level":"info","message":"branch data fetched successfully","timestamp":"2024-08-07 18:04:33.029 GMT+5:30"}
{"level":"info","message":"lab list fetched successfully","timestamp":"2024-08-07 18:04:33.043 GMT+5:30"}
{"level":"info","message":"lab list fetched successfully","timestamp":"2024-08-07 18:04:33.071 GMT+5:30"}
{"level":"info","message":"lab list fetched successfully","timestamp":"2024-08-07 18:04:33.093 GMT+5:30"}
{"level":"info","message":"lab list fetched successfully","timestamp":"2024-08-07 18:04:33.109 GMT+5:30"}
{"level":"info","message":"lab list fetched successfully","timestamp":"2024-08-07 18:04:33.128 GMT+5:30"}
{"level":"info","message":"Lab details updated successfully","timestamp":"2024-08-07 18:04:39.891 GMT+5:30"}
{"level":"info","message":"lab list fetched successfully","timestamp":"2024-08-07 18:04:39.915 GMT+5:30"}
{"level":"info","message":"Lab details updated successfully","timestamp":"2024-08-07 18:04:44.104 GMT+5:30"}
{"level":"info","message":"lab list fetched successfully","timestamp":"2024-08-07 18:04:44.124 GMT+5:30"}
{"level":"info","message":"lab test fetched successfully","timestamp":"2024-08-07 18:04:45.446 GMT+5:30"}
{"level":"info","message":"lab list fetched successfully","timestamp":"2024-08-07 18:04:45.449 GMT+5:30"}
{"level":"info","message":"lab test fetched successfully","timestamp":"2024-08-07 18:04:45.498 GMT+5:30"}
{"level":"info","message":"lab list fetched successfully","timestamp":"2024-08-07 18:04:45.504 GMT+5:30"}
{"level":"info","message":"lab list fetched successfully","timestamp":"2024-08-07 18:04:47.815 GMT+5:30"}
{"level":"info","message":"branch data fetched successfully","timestamp":"2024-08-07 18:04:47.818 GMT+5:30"}
{"level":"info","message":"lab list fetched successfully","timestamp":"2024-08-07 18:04:47.848 GMT+5:30"}
{"level":"info","message":"branch data fetched successfully","timestamp":"2024-08-07 18:04:47.851 GMT+5:30"}
{"level":"info","message":"lab list fetched successfully","timestamp":"2024-08-07 18:04:47.882 GMT+5:30"}
{"level":"info","message":"lab list fetched successfully","timestamp":"2024-08-07 18:04:47.908 GMT+5:30"}
{"level":"info","message":"lab list fetched successfully","timestamp":"2024-08-07 18:06:46.395 GMT+5:30"}
{"level":"info","message":"lab test fetched successfully","timestamp":"2024-08-07 18:08:56.457 GMT+5:30"}
{"level":"info","message":"lab list fetched successfully","timestamp":"2024-08-07 18:08:56.459 GMT+5:30"}
{"level":"info","message":"lab test fetched successfully","timestamp":"2024-08-07 18:08:56.489 GMT+5:30"}
{"level":"info","message":"lab list fetched successfully","timestamp":"2024-08-07 18:08:56.491 GMT+5:30"}
{"level":"info","message":"bill data fetched successfully","timestamp":"2024-08-07 18:09:15.207 GMT+5:30"}
{"level":"info","message":"bill data fetched successfully","timestamp":"2024-08-07 18:09:15.259 GMT+5:30"}
{"level":"info","message":"bill data fetched successfully","timestamp":"2024-08-07 18:09:20.423 GMT+5:30"}
{"level":"info","message":"bill data fetched successfully","timestamp":"2024-08-07 18:09:20.457 GMT+5:30"}
{"level":"info","message":"treatment suggestions fetched successfully","timestamp":"2024-08-07 18:09:24.938 GMT+5:30"}
{"level":"info","message":"bill details fetched successfully","timestamp":"2024-08-07 18:09:24.941 GMT+5:30"}
{"level":"info","message":"treatment suggestions fetched successfully","timestamp":"2024-08-07 18:09:24.995 GMT+5:30"}
{"level":"info","message":"bill details fetched successfully","timestamp":"2024-08-07 18:09:24.998 GMT+5:30"}
{"level":"info","message":"bill data fetched successfully","timestamp":"2024-08-07 18:09:29.827 GMT+5:30"}
{"level":"info","message":"bill data fetched successfully","timestamp":"2024-08-07 18:09:29.884 GMT+5:30"}
{"level":"info","message":"bill data fetched successfully","timestamp":"2024-08-07 18:10:33.625 GMT+5:30"}
{"level":"info","message":"bill data fetched successfully","timestamp":"2024-08-07 18:10:52.416 GMT+5:30"}
{"level":"info","message":"employee attendance fetched successfully","timestamp":"2024-08-07 18:13:17.502 GMT+5:30"}
{"level":"info","message":"employee attendance fetched successfully","timestamp":"2024-08-07 18:13:17.532 GMT+5:30"}
{"level":"info","message":"employee attendance fetched successfully","timestamp":"2024-08-07 18:14:08.072 GMT+5:30"}
{"level":"info","message":"employee attendance fetched successfully","timestamp":"2024-08-07 18:14:10.854 GMT+5:30"}
{"level":"info","message":"employee attendance fetched successfully","timestamp":"2024-08-07 18:14:10.913 GMT+5:30"}
{"level":"info","message":"employee data fetched successfully","timestamp":"2024-08-07 18:14:16.250 GMT+5:30"}
{"level":"info","message":"employee data fetched successfully","timestamp":"2024-08-07 18:14:16.346 GMT+5:30"}
{"level":"info","message":"employee data fetched successfully","timestamp":"2024-08-07 18:14:56.163 GMT+5:30"}
{"level":"info","message":"employee data fetched successfully","timestamp":"2024-08-07 18:15:13.063 GMT+5:30"}
{"level":"info","message":"patient lab test fetched successfully","timestamp":"2024-08-07 18:15:20.160 GMT+5:30"}
{"level":"info","message":"patient lab test fetched successfully","timestamp":"2024-08-07 18:15:20.205 GMT+5:30"}
{"level":"info","message":"patient lab test fetched successfully","timestamp":"2024-08-07 18:15:20.236 GMT+5:30"}
{"level":"info","message":"patient lab test fetched successfully","timestamp":"2024-08-07 18:15:20.262 GMT+5:30"}
{"level":"info","message":"branch details fetched successfully","timestamp":"2024-08-07 18:42:21.178 GMT+5:30"}
{"level":"info","message":"holidays fetched successfully","timestamp":"2024-08-07 18:42:21.275 GMT+5:30"}
{"level":"info","message":"branch details fetched successfully","timestamp":"2024-08-07 18:42:21.293 GMT+5:30"}
{"level":"info","message":"holidays fetched successfully","timestamp":"2024-08-07 18:42:21.310 GMT+5:30"}
{"level":"info","message":"treatments fetched successfully","timestamp":"2024-08-07 18:42:25.719 GMT+5:30"}
{"level":"info","message":"treatments fetched successfully","timestamp":"2024-08-07 18:42:25.755 GMT+5:30"}
{"level":"info","message":"employee data fetched successfully","timestamp":"2024-08-07 18:42:34.780 GMT+5:30"}
{"level":"info","message":"employee data fetched successfully","timestamp":"2024-08-07 18:42:34.796 GMT+5:30"}
{"level":"info","message":"attendance fetched successfully","timestamp":"2024-08-07 18:42:40.243 GMT+5:30"}
{"level":"info","message":"Leaves fetched successfully","timestamp":"2024-08-07 18:42:40.255 GMT+5:30"}
{"level":"info","message":"attendance fetched successfully","timestamp":"2024-08-07 18:42:40.313 GMT+5:30"}
{"level":"info","message":"Leaves fetched successfully","timestamp":"2024-08-07 18:42:40.320 GMT+5:30"}
{"level":"info","message":"attendance fetched successfully","timestamp":"2024-08-07 18:42:43.256 GMT+5:30"}
{"level":"info","message":"attendance fetched successfully","timestamp":"2024-08-07 18:42:43.267 GMT+5:30"}
{"level":"info","message":"Leaves fetched successfully","timestamp":"2024-08-07 18:42:43.272 GMT+5:30"}
{"level":"info","message":"attendance fetched successfully","timestamp":"2024-08-07 18:42:46.237 GMT+5:30"}
{"level":"info","message":"attendance fetched successfully","timestamp":"2024-08-07 18:42:46.240 GMT+5:30"}
{"level":"info","message":"Leaves fetched successfully","timestamp":"2024-08-07 18:42:46.245 GMT+5:30"}
{"level":"info","message":"leave list fetched successfully","timestamp":"2024-08-07 18:42:46.724 GMT+5:30"}
{"level":"info","message":"leave list fetched successfully","timestamp":"2024-08-07 18:42:46.768 GMT+5:30"}
